<?xml version="1.0" encoding="UTF-8"?>
<testsuites>
  <testsuite name="fastlane.lanes">
    
    
    
      
      <testcase classname="fastlane.lanes" name="0: default_platform" time="0.000326">
        
      </testcase>
    
      
      <testcase classname="fastlane.lanes" name="1: clean :android:assembleDebug" time="3.32003">
        
          <failure message="/opt/homebrew/Cellar/fastlane/2.204.2/libexec/gems/fastlane-2.204.2/fastlane/lib/fastlane/actions/actions_helper.rb:67:in `execute_action&apos;&#10;/opt/homebrew/Cellar/fastlane/2.204.2/libexec/gems/fastlane-2.204.2/fastlane/lib/fastlane/runner.rb:255:in `block in execute_action&apos;&#10;/opt/homebrew/Cellar/fastlane/2.204.2/libexec/gems/fastlane-2.204.2/fastlane/lib/fastlane/runner.rb:229:in `chdir&apos;&#10;/opt/homebrew/Cellar/fastlane/2.204.2/libexec/gems/fastlane-2.204.2/fastlane/lib/fastlane/runner.rb:229:in `execute_action&apos;&#10;/opt/homebrew/Cellar/fastlane/2.204.2/libexec/gems/fastlane-2.204.2/fastlane/lib/fastlane/runner.rb:157:in `trigger_action_by_name&apos;&#10;/opt/homebrew/Cellar/fastlane/2.204.2/libexec/gems/fastlane-2.204.2/fastlane/lib/fastlane/fast_file.rb:159:in `method_missing&apos;&#10;Fastfile:7:in `block (2 levels) in parsing_binding&apos;&#10;/opt/homebrew/Cellar/fastlane/2.204.2/libexec/gems/fastlane-2.204.2/fastlane/lib/fastlane/lane.rb:33:in `call&apos;&#10;/opt/homebrew/Cellar/fastlane/2.204.2/libexec/gems/fastlane-2.204.2/fastlane/lib/fastlane/runner.rb:49:in `block in execute&apos;&#10;/opt/homebrew/Cellar/fastlane/2.204.2/libexec/gems/fastlane-2.204.2/fastlane/lib/fastlane/runner.rb:45:in `chdir&apos;&#10;/opt/homebrew/Cellar/fastlane/2.204.2/libexec/gems/fastlane-2.204.2/fastlane/lib/fastlane/runner.rb:45:in `execute&apos;&#10;/opt/homebrew/Cellar/fastlane/2.204.2/libexec/gems/fastlane-2.204.2/fastlane/lib/fastlane/lane_manager.rb:47:in `cruise_lane&apos;&#10;/opt/homebrew/Cellar/fastlane/2.204.2/libexec/gems/fastlane-2.204.2/fastlane/lib/fastlane/command_line_handler.rb:36:in `handle&apos;&#10;/opt/homebrew/Cellar/fastlane/2.204.2/libexec/gems/fastlane-2.204.2/fastlane/lib/fastlane/commands_generator.rb:109:in `block (2 levels) in run&apos;&#10;/opt/homebrew/Cellar/fastlane/2.204.2/libexec/gems/commander-4.6.0/lib/commander/command.rb:187:in `call&apos;&#10;/opt/homebrew/Cellar/fastlane/2.204.2/libexec/gems/commander-4.6.0/lib/commander/command.rb:157:in `run&apos;&#10;/opt/homebrew/Cellar/fastlane/2.204.2/libexec/gems/commander-4.6.0/lib/commander/runner.rb:444:in `run_active_command&apos;&#10;/opt/homebrew/Cellar/fastlane/2.204.2/libexec/gems/fastlane-2.204.2/fastlane_core/lib/fastlane_core/ui/fastlane_runner.rb:124:in `run!&apos;&#10;/opt/homebrew/Cellar/fastlane/2.204.2/libexec/gems/commander-4.6.0/lib/commander/delegates.rb:18:in `run!&apos;&#10;/opt/homebrew/Cellar/fastlane/2.204.2/libexec/gems/fastlane-2.204.2/fastlane/lib/fastlane/commands_generator.rb:353:in `run&apos;&#10;/opt/homebrew/Cellar/fastlane/2.204.2/libexec/gems/fastlane-2.204.2/fastlane/lib/fastlane/commands_generator.rb:42:in `start&apos;&#10;/opt/homebrew/Cellar/fastlane/2.204.2/libexec/gems/fastlane-2.204.2/fastlane/lib/fastlane/cli_tools_distributor.rb:122:in `take_off&apos;&#10;/opt/homebrew/Cellar/fastlane/2.204.2/libexec/gems/fastlane-2.204.2/bin/fastlane:23:in `&lt;top (required)&gt;&apos;&#10;/opt/homebrew/Cellar/fastlane/2.204.2/libexec/bin/fastlane:25:in `load&apos;&#10;/opt/homebrew/Cellar/fastlane/2.204.2/libexec/bin/fastlane:25:in `&lt;main&gt;&apos;&#10;&#10;Exit status of command &apos;/Users/harry/Development/project-saboten/gradlew clean :android:assembleDebug -p .&apos; was 1 instead of 0.&#10;&gt; Task :buildSrc:compileKotlin UP-TO-DATE&#10;&gt; Task :buildSrc:compileJava NO-SOURCE&#10;&gt; Task :buildSrc:compileGroovy NO-SOURCE&#10;&gt; Task :buildSrc:pluginDescriptors UP-TO-DATE&#10;&gt; Task :buildSrc:processResources NO-SOURCE&#10;&gt; Task :buildSrc:classes UP-TO-DATE&#10;&gt; Task :buildSrc:inspectClassesForKotlinIC UP-TO-DATE&#10;&gt; Task :buildSrc:jar UP-TO-DATE&#10;&gt; Task :buildSrc:assemble UP-TO-DATE&#10;&gt; Task :buildSrc:compileTestKotlin NO-SOURCE&#10;&gt; Task :buildSrc:pluginUnderTestMetadata UP-TO-DATE&#10;&gt; Task :buildSrc:compileTestJava NO-SOURCE&#10;&gt; Task :buildSrc:compileTestGroovy NO-SOURCE&#10;&gt; Task :buildSrc:processTestResources NO-SOURCE&#10;&gt; Task :buildSrc:testClasses UP-TO-DATE&#10;&gt; Task :buildSrc:test NO-SOURCE&#10;&gt; Task :buildSrc:validatePlugins UP-TO-DATE&#10;&gt; Task :buildSrc:check UP-TO-DATE&#10;&gt; Task :buildSrc:build UP-TO-DATE&#10;&#10;The Kotlin source set androidAndroidTestRelease was configured but not added to any Kotlin compilation. You can add a source set to a target&apos;s compilation by connecting it with the compilation&apos;s default source set using &apos;dependsOn&apos;.&#10;See https://kotlinlang.org/docs/reference/building-mpp-with-gradle.html#connecting-source-sets&#10;&#10;The Kotlin source set androidAndroidTestRelease was configured but not added to any Kotlin compilation. You can add a source set to a target&apos;s compilation by connecting it with the compilation&apos;s default source set using &apos;dependsOn&apos;.&#10;See https://kotlinlang.org/docs/reference/building-mpp-with-gradle.html#connecting-source-sets&#10;&gt; Task :clean&#10;&gt; Task :android:clean&#10;&gt; Task :android-ui:clean&#10;&gt; Task :android-ui-samples:clean UP-TO-DATE&#10;&gt; Task :common:cleanIosTest UP-TO-DATE&#10;&gt; Task :common:cleanServerTest UP-TO-DATE&#10;&gt; Task :common:cleanWebBrowserTest UP-TO-DATE&#10;&gt; Task :common:cleanAllTests UP-TO-DATE&#10;&gt; Task :common:clean&#10;&gt; Task :common-client:cleanIosTest UP-TO-DATE&#10;&gt; Task :common-client:cleanWebBrowserTest UP-TO-DATE&#10;&gt; Task :common-client:cleanAllTests UP-TO-DATE&#10;&gt; Task :common-client:clean&#10;&gt; Task :server:clean&#10;&gt; Task :web:cleanBrowserTest UP-TO-DATE&#10;&gt; Task :web:cleanTest UP-TO-DATE&#10;&gt; Task :web:clean&#10;&gt; Task :android:preBuild UP-TO-DATE&#10;&gt; Task :android:preDebugBuild UP-TO-DATE&#10;&gt; Task :android-ui:preBuild UP-TO-DATE&#10;&gt; Task :android-ui:preDebugBuild UP-TO-DATE&#10;&gt; Task :android-ui:compileDebugAidl NO-SOURCE&#10;&gt; Task :common:preBuild UP-TO-DATE&#10;&gt; Task :common:preDebugBuild UP-TO-DATE&#10;&gt; Task :common:compileDebugAidl NO-SOURCE&#10;&gt; Task :common-client:preBuild UP-TO-DATE&#10;&gt; Task :common-client:preDebugBuild UP-TO-DATE&#10;&gt; Task :common-client:compileDebugAidl NO-SOURCE&#10;&gt; Task :android:compileDebugAidl NO-SOURCE&#10;&gt; Task :android-ui:packageDebugRenderscript NO-SOURCE&#10;&gt; Task :common:packageDebugRenderscript NO-SOURCE&#10;&gt; Task :common-client:packageDebugRenderscript NO-SOURCE&#10;&gt; Task :android:compileDebugRenderscript NO-SOURCE&#10;&gt; Task :android:generateDebugBuildConfig&#10;&gt; Task :common:writeDebugAarMetadata&#10;&gt; Task :android-ui:writeDebugAarMetadata&#10;&gt; Task :common-client:writeDebugAarMetadata&#10;&gt; Task :android:generateDebugResValues&#10;&gt; Task :android:generateDebugResources&#10;&gt; Task :android:injectCrashlyticsMappingFileIdDebug&#10;&gt; Task :android:processDebugGoogleServices FAILED&#10;&#10;FAILURE: Build failed with an exception.&#10;&#10;* What went wrong:&#10;Execution failed for task &apos;:android:processDebugGoogleServices&apos;.&#10;&gt; No matching client found for package name &apos;app.saboten.android&apos;&#10;&#10;* Try:&#10;&gt; Run with --stacktrace option to get the stack trace.&#10;&gt; Run with --info or --debug option to get more log output.&#10;&gt; Run with --scan to get full insights.&#10;&#10;* Get more help at https://help.gradle.org&#10;&#10;Deprecated Gradle features were used in this build, making it incompatible with Gradle 8.0.&#10;&#10;You can use &apos;--warning-mode all&apos; to show the individual deprecation warnings and determine if they come from your own scripts or plugins.&#10;&#10;See https://docs.gradle.org/7.3/userguide/command_line_interface.html#sec:command_line_warnings&#10;&#10;BUILD FAILED in 2s&#10;27 actionable tasks: 14 executed, 13 up-to-date&#10;" />
        
      </testcase>
    
  </testsuite>
</testsuites>
